{"meta": {"version": "6.3.2", "timestamp": "2022-03-27T16:55:22.473424", "branch_coverage": true, "show_contexts": false}, "files": {"test_css.py": {"executed_lines": [4, 5, 6, 8, 9, 196, 199, 200, 201, 202, 203, 204, 205, 207, 208, 210, 211, 214, 215], "summary": {"covered_lines": 17, "num_statements": 17, "percent_covered": 96.0, "percent_covered_display": "96", "missing_lines": 0, "excluded_lines": 2, "num_branches": 8, "num_partial_branches": 1, "covered_branches": 7, "missing_branches": 1}, "missing_lines": [], "excluded_lines": [208, 211]}, "test_wavedrom.py": {"executed_lines": [3, 4, 5, 6, 9, 10, 11, 12, 13, 15, 18, 19, 24, 25, 30, 31, 32, 34, 38, 42, 47, 49, 53, 57, 68, 70, 74, 78, 83, 85, 89, 93, 100, 102, 106, 110, 123, 125, 129, 133, 144, 146, 150, 154, 176, 178, 182, 186, 203, 205, 209, 213, 228, 230, 234, 238, 271, 273, 277, 281, 291, 293, 297, 298, 299, 300, 301, 302, 314, 326, 327, 328, 329, 330, 333, 334, 335, 336, 337, 338, 339, 340, 341, 342, 343], "summary": {"covered_lines": 84, "num_statements": 84, "percent_covered": 97.95918367346938, "percent_covered_display": "98", "missing_lines": 0, "excluded_lines": 0, "num_branches": 14, "num_partial_branches": 2, "covered_branches": 12, "missing_branches": 2}, "missing_lines": [], "excluded_lines": []}, "/mnt/windows/Users/ludwi/Projects/undulate/undulate/__init__.py": {"executed_lines": [1], "summary": {"covered_lines": 0, "num_statements": 0, "percent_covered": 100.0, "percent_covered_display": "100", "missing_lines": 0, "excluded_lines": 0, "num_branches": 0, "num_partial_branches": 0, "covered_branches": 0, "missing_branches": 0}, "missing_lines": [], "excluded_lines": []}, "/mnt/windows/Users/ludwi/Projects/undulate/undulate/bricks/__init__.py": {"executed_lines": [1], "summary": {"covered_lines": 0, "num_statements": 0, "percent_covered": 100.0, "percent_covered_display": "100", "missing_lines": 0, "excluded_lines": 0, "num_branches": 0, "num_partial_branches": 0, "covered_branches": 0, "missing_branches": 0}, "missing_lines": [], "excluded_lines": []}, "/mnt/windows/Users/ludwi/Projects/undulate/undulate/bricks/analogue.py": {"executed_lines": [1, 7, 8, 9, 18, 35, 47, 48, 51, 52, 60, 67, 68, 69, 70, 72, 73, 74, 76, 77, 78, 91, 92, 93, 100, 103, 104, 112, 119, 120, 121, 122, 124, 125, 126, 128, 129, 130, 143, 144, 145, 152, 155, 156, 163, 169, 171, 172, 173, 174, 175, 177, 178, 179, 181, 195, 196, 206, 212, 214, 215, 216, 217, 218, 220, 221, 222, 224, 236, 237, 243, 248, 250, 251, 252, 253, 255, 256, 258, 259, 260, 261, 264, 266, 267, 268, 269, 270], "summary": {"covered_lines": 82, "num_statements": 82, "percent_covered": 98.21428571428571, "percent_covered_display": "98", "missing_lines": 0, "excluded_lines": 0, "num_branches": 30, "num_partial_branches": 2, "covered_branches": 28, "missing_branches": 2}, "missing_lines": [], "excluded_lines": []}, "/mnt/windows/Users/ludwi/Projects/undulate/undulate/bricks/digital.py": {"executed_lines": [1, 7, 8, 9, 18, 23, 24, 32, 33, 34, 35, 36, 37, 38, 39, 40, 41, 42, 43, 45, 60, 61, 69, 70, 72, 73, 85, 86, 94, 95, 96, 97, 98, 99, 100, 101, 102, 103, 104, 105, 107, 122, 123, 131, 132, 134, 135, 136, 137, 149, 150, 157, 158, 159, 160, 161, 162, 163, 164, 165, 166, 168, 180, 181, 188, 189, 191, 192, 193, 194, 206, 207, 214, 215, 216, 217, 218, 219, 220, 221, 222, 223, 225, 233, 234, 241, 242, 244, 246, 247, 252, 253, 260, 261, 262, 263, 264, 265, 267, 281, 282, 289, 290, 291, 292, 293, 294, 295, 296, 297, 299, 312, 313, 320, 321, 322, 323, 324, 325, 326, 327, 328, 330, 343, 344, 352, 353, 354, 355, 356, 358, 359, 376, 396, 414, 437, 438, 466, 496, 497, 506, 507, 508, 509, 510, 511, 512, 514, 515, 516, 527, 549, 550, 551, 553, 555, 557, 558, 563, 564, 568, 569, 572, 573, 577, 578, 581, 582, 586, 587, 590, 591, 595, 596, 599, 600, 604, 608, 609, 613, 617, 618, 622, 626, 627, 631, 635, 636, 640, 641, 642, 645, 646, 655, 656, 659, 681, 695, 711, 712, 719, 720, 721, 722, 723, 724, 725, 739, 740, 747, 748, 749, 750, 751, 752, 753, 767, 768, 776, 777, 778, 779, 780, 781, 782, 783, 785, 800, 801, 809, 810, 811, 812, 813, 814, 815, 816, 818, 833, 834, 841, 842, 843, 844, 847, 848, 852, 853, 854, 855, 856, 860, 870, 871, 872, 877, 878, 879, 880, 881, 884, 889, 890, 891, 892, 894, 896, 897, 898, 899, 900, 902, 903, 906, 908, 909, 911, 912, 913, 916, 929, 930, 931, 932, 933, 934, 935, 936, 938, 939, 940, 941, 943, 945, 946, 948, 949, 953, 954, 956, 957, 959, 960, 961, 964, 969, 970, 971, 973, 984, 985, 986, 990, 992, 996, 998, 1000, 1001, 1002, 1003, 1004, 1005, 1006, 1007, 1010, 1011, 1012, 1016, 1017, 1020, 1021, 1027, 1029, 1032, 1038, 1041, 1047, 1048, 1049, 1050, 1053, 1054, 1055, 1056, 1059, 1062, 1065, 1068, 1071, 1074, 1077, 1080, 1081, 1082, 1085, 1086, 1087, 1088, 1089, 1090, 1091, 1095, 1096, 1097, 1098], "summary": {"covered_lines": 335, "num_statements": 341, "percent_covered": 97.6878612716763, "percent_covered_display": "98", "missing_lines": 6, "excluded_lines": 0, "num_branches": 178, "num_partial_branches": 6, "covered_branches": 172, "missing_branches": 6}, "missing_lines": [245, 605, 614, 623, 632, 895], "excluded_lines": []}, "/mnt/windows/Users/ludwi/Projects/undulate/undulate/bricks/generic.py": {"executed_lines": [1, 6, 7, 8, 9, 10, 11, 14, 15, 16, 18, 19, 22, 23, 24, 49, 50, 51, 54, 55, 56, 60, 61, 62, 65, 66, 67, 72, 73, 76, 87, 90, 91, 93, 94, 95, 96, 99, 100, 101, 135, 136, 137, 138, 139, 140, 141, 142, 143, 144, 145, 146, 147, 148, 149, 150, 152, 153, 154, 155, 156, 157, 158, 159, 160, 161, 162, 163, 164, 165, 166, 167, 168, 170, 172, 177, 182, 183, 184, 186, 188, 193, 198, 199, 200, 203, 204, 215, 216, 217, 219, 220, 227, 229, 231, 233, 234, 236, 237, 238, 239, 240, 241, 243, 244, 246, 247, 248, 249, 252, 253, 255, 257, 258, 259, 261, 262, 264, 265, 266, 267, 268, 269, 272, 273, 275, 277, 278, 280, 283, 284, 292, 294, 295, 297, 299, 300, 302, 303, 304, 305], "summary": {"covered_lines": 131, "num_statements": 131, "percent_covered": 100.0, "percent_covered_display": "100", "missing_lines": 0, "excluded_lines": 0, "num_branches": 40, "num_partial_branches": 0, "covered_branches": 40, "missing_branches": 0}, "missing_lines": [], "excluded_lines": []}, "/mnt/windows/Users/ludwi/Projects/undulate/undulate/bricks/register.py": {"executed_lines": [1, 6, 9, 10, 14, 15, 16, 17, 18, 19, 20, 21, 32, 33, 45, 46, 48, 49, 56, 57, 58, 59, 60, 63, 64, 68, 69, 70, 71, 82, 94, 97, 98, 102, 103, 104, 105, 106, 118, 119, 120, 121, 122, 125, 126, 130, 131, 132, 133, 134, 135, 147, 148, 160, 161, 162, 163, 164, 167, 168, 181, 184, 190], "summary": {"covered_lines": 58, "num_statements": 59, "percent_covered": 94.8051948051948, "percent_covered_display": "95", "missing_lines": 1, "excluded_lines": 0, "num_branches": 18, "num_partial_branches": 3, "covered_branches": 15, "missing_branches": 3}, "missing_lines": [47], "excluded_lines": []}, "/mnt/windows/Users/ludwi/Projects/undulate/undulate/bricks/shape.py": {"executed_lines": [1, 3, 4, 5, 6, 7, 9, 10, 13, 15, 33, 35, 43, 54, 55, 56, 59, 61, 62, 63, 64, 65, 66, 67, 75, 76, 77, 78, 79, 80, 81, 89, 90, 91, 92, 93, 96, 100, 101, 102, 103, 106, 115, 116, 117, 118, 119, 126, 133, 134, 135, 136, 137, 138, 141, 150, 151, 152, 153, 154, 157, 166, 167, 168, 169, 170, 173, 181, 182, 183, 184, 188, 190, 191, 192, 193, 196, 204, 205, 206, 207, 212, 214, 215, 216, 217, 220, 228, 229, 230, 231, 236, 238, 239, 240, 241, 244, 252, 253, 254, 255, 261, 263, 264, 265, 266, 269, 277, 278, 279, 280, 286, 288, 289, 290, 291, 294, 302, 303, 304, 305, 311, 313, 314, 315, 316, 319, 327, 328, 329, 330, 337, 339, 340, 341, 342, 345, 346, 347, 348, 349, 350, 351, 352, 353, 354, 355, 356, 357, 358, 359, 360, 361, 362, 363], "summary": {"covered_lines": 154, "num_statements": 154, "percent_covered": 100.0, "percent_covered_display": "100", "missing_lines": 0, "excluded_lines": 0, "num_branches": 34, "num_partial_branches": 0, "covered_branches": 34, "missing_branches": 0}, "missing_lines": [], "excluded_lines": []}, "/mnt/windows/Users/ludwi/Projects/undulate/undulate/cli.py": {"executed_lines": [3, 7, 8, 9, 10, 11, 13, 14, 15, 17, 18, 21, 24, 29, 30, 31, 33, 35, 36, 37, 39, 40, 41, 42, 45, 54, 55, 56, 57, 59, 60, 62, 64, 65, 67, 68, 69, 71, 72, 73, 75, 76, 77, 78, 81, 82, 83, 85, 86, 87, 88, 89, 90, 91, 92, 100, 106, 107, 108, 111, 114, 117, 124, 127, 130, 133, 134, 136, 137, 139, 149, 150], "summary": {"covered_lines": 72, "num_statements": 76, "percent_covered": 94.23076923076923, "percent_covered_display": "94", "missing_lines": 4, "excluded_lines": 0, "num_branches": 28, "num_partial_branches": 2, "covered_branches": 26, "missing_branches": 2}, "missing_lines": [32, 101, 102, 103], "excluded_lines": []}, "/mnt/windows/Users/ludwi/Projects/undulate/undulate/logger.py": {"executed_lines": [1, 2, 3, 4, 5, 6, 9, 10, 11, 12, 14, 15, 16, 17, 18, 19, 20, 21, 22, 23, 26, 29, 30, 31, 32, 33, 34, 35, 36, 39, 40, 43, 44, 47, 48, 51, 52, 55, 59, 60, 61], "summary": {"covered_lines": 41, "num_statements": 42, "percent_covered": 97.82608695652173, "percent_covered_display": "98", "missing_lines": 1, "excluded_lines": 0, "num_branches": 4, "num_partial_branches": 0, "covered_branches": 4, "missing_branches": 0}, "missing_lines": [56], "excluded_lines": []}, "/mnt/windows/Users/ludwi/Projects/undulate/undulate/parsers/__init__.py": {"executed_lines": [1], "summary": {"covered_lines": 0, "num_statements": 0, "percent_covered": 100.0, "percent_covered_display": "100", "missing_lines": 0, "excluded_lines": 0, "num_branches": 0, "num_partial_branches": 0, "covered_branches": 0, "missing_branches": 0}, "missing_lines": [], "excluded_lines": []}, "/mnt/windows/Users/ludwi/Projects/undulate/undulate/parsers/jsonml.py": {"executed_lines": [1, 2, 4, 6, 9, 12, 22, 23, 25, 26, 32, 38, 39, 40, 41, 44, 50, 51, 52, 53, 54, 55, 56, 59, 64, 65, 66, 67, 68, 69, 70, 71, 72, 73, 74, 77, 85, 86, 92, 95, 97, 99, 101, 107, 110, 115, 116, 118, 119, 120, 121, 123, 124, 125, 126, 131, 132, 133, 134, 136, 137], "summary": {"covered_lines": 61, "num_statements": 66, "percent_covered": 90.0, "percent_covered_display": "90", "missing_lines": 5, "excluded_lines": 0, "num_branches": 34, "num_partial_branches": 3, "covered_branches": 29, "missing_branches": 5}, "missing_lines": [24, 27, 28, 29, 93], "excluded_lines": []}, "/mnt/windows/Users/ludwi/Projects/undulate/undulate/parsers/register.py": {"executed_lines": [1, 3, 6, 7, 12, 14, 16, 17, 18, 19, 21, 25, 27, 28, 30, 31, 33, 38, 39, 41, 42, 44, 45, 46, 47, 49, 50, 51, 53, 54, 58, 59, 60, 61, 62, 63, 64, 65, 66, 68, 69, 70, 71, 80, 83, 84, 89, 101, 103, 104, 105, 106, 107, 108, 109, 110, 112, 113, 118, 119, 120, 121, 122, 123, 124, 131, 133, 134, 135, 136, 140, 142, 144, 145, 147, 148, 149, 150, 151, 155, 156, 158, 159, 161, 168, 172, 174, 175, 176, 178, 179, 180, 181], "summary": {"covered_lines": 91, "num_statements": 93, "percent_covered": 96.5034965034965, "percent_covered_display": "97", "missing_lines": 2, "excluded_lines": 0, "num_branches": 50, "num_partial_branches": 1, "covered_branches": 47, "missing_branches": 3}, "missing_lines": [154, 165], "excluded_lines": []}, "/mnt/windows/Users/ludwi/Projects/undulate/undulate/parsers/toml.py": {"executed_lines": [1, 3, 6, 10, 11, 12, 14, 15, 16, 17, 18, 19, 20], "summary": {"covered_lines": 11, "num_statements": 11, "percent_covered": 100.0, "percent_covered_display": "100", "missing_lines": 0, "excluded_lines": 2, "num_branches": 2, "num_partial_branches": 0, "covered_branches": 2, "missing_branches": 0}, "missing_lines": [], "excluded_lines": [16, 17]}, "/mnt/windows/Users/ludwi/Projects/undulate/undulate/parsers/yaml.py": {"executed_lines": [1, 3, 6, 10, 11, 12, 14, 15, 16, 17, 18, 19, 22, 32], "summary": {"covered_lines": 12, "num_statements": 13, "percent_covered": 88.23529411764706, "percent_covered_display": "88", "missing_lines": 1, "excluded_lines": 2, "num_branches": 4, "num_partial_branches": 1, "covered_branches": 3, "missing_branches": 1}, "missing_lines": [20], "excluded_lines": [16, 17]}, "/mnt/windows/Users/ludwi/Projects/undulate/undulate/renderers/__init__.py": {"executed_lines": [1], "summary": {"covered_lines": 0, "num_statements": 0, "percent_covered": 100.0, "percent_covered_display": "100", "missing_lines": 0, "excluded_lines": 0, "num_branches": 0, "num_partial_branches": 0, "covered_branches": 0, "missing_branches": 0}, "missing_lines": [], "excluded_lines": []}, "/mnt/windows/Users/ludwi/Projects/undulate/undulate/renderers/cairorenderer.py": {"executed_lines": [1, 6, 7, 8, 9, 19, 20, 23, 24, 34, 35, 36, 37, 38, 39, 40, 41, 43, 51, 52, 53, 54, 55, 56, 57, 58, 59, 60, 61, 62, 63, 65, 75, 76, 77, 78, 79, 80, 81, 82, 83, 84, 85, 87, 88, 89, 90, 92, 102, 103, 104, 105, 106, 107, 108, 109, 110, 111, 112, 113, 114, 115, 116, 117, 118, 119, 120, 121, 123, 132, 133, 134, 135, 136, 137, 138, 139, 140, 141, 142, 144, 145, 146, 147, 148, 149, 151, 160, 161, 162, 163, 164, 166, 167, 168, 169, 170, 171, 172, 182, 183, 185, 187, 188, 189, 190, 192, 193, 194, 196, 197, 199, 200, 201, 202, 204, 205, 206, 207, 209, 220, 221, 222, 223, 224, 225, 226, 227, 228, 229, 230, 231, 232, 234, 235, 236, 238, 240, 253, 254, 255, 256, 257, 258, 260, 261, 263, 264, 265, 266, 268, 269, 270, 271, 272, 275, 276, 277, 278, 281, 282, 283, 284, 285, 289, 290, 292, 293, 294, 296, 297, 306, 308, 309, 312, 313], "summary": {"covered_lines": 174, "num_statements": 177, "percent_covered": 97.81659388646288, "percent_covered_display": "98", "missing_lines": 3, "excluded_lines": 0, "num_branches": 52, "num_partial_branches": 2, "covered_branches": 50, "missing_branches": 2}, "missing_lines": [279, 280, 287], "excluded_lines": []}, "/mnt/windows/Users/ludwi/Projects/undulate/undulate/renderers/renderer.py": {"executed_lines": [1, 6, 7, 8, 9, 10, 11, 12, 23, 27, 29, 31, 34, 40, 42, 43, 45, 48, 54, 56, 57, 59, 62, 77, 78, 79, 80, 82, 86, 90, 91, 92, 93, 94, 95, 98, 99, 103, 109, 110, 112, 113, 114, 116, 117, 118, 119, 120, 121, 122, 124, 134, 146, 158, 169, 180, 193, 199, 203, 205, 206, 208, 209, 211, 212, 218, 219, 221, 223, 224, 225, 227, 228, 229, 231, 232, 243, 244, 246, 247, 248, 249, 250, 252, 253, 254, 256, 257, 286, 288, 289, 290, 291, 293, 294, 296, 297, 299, 300, 301, 302, 303, 304, 305, 307, 308, 309, 311, 312, 314, 315, 316, 318, 319, 320, 321, 322, 323, 324, 326, 327, 328, 329, 331, 332, 333, 334, 337, 338, 339, 340, 341, 343, 365, 366, 367, 368, 370, 371, 373, 374, 375, 376, 377, 380, 381, 382, 383, 384, 385, 386, 387, 388, 389, 390, 391, 392, 393, 394, 395, 397, 398, 399, 403, 404, 405, 407, 408, 410, 412, 413, 414, 417, 418, 420, 421, 422, 424, 425, 426, 427, 428, 429, 430, 432, 433, 434, 436, 437, 438, 439, 440, 441, 443, 444, 445, 454, 462, 463, 466, 467, 468, 479, 480, 482, 484, 497, 498, 499, 500, 505, 506, 507, 508, 510, 511, 513, 526, 528, 530, 531, 532, 533, 534, 536, 537, 539, 540, 542, 544, 545, 546, 547, 549, 550, 551, 553, 554, 556, 557, 558, 559, 560, 561, 562, 564, 565, 566, 567, 568, 569, 570, 571, 573, 574, 575, 576, 578, 580, 584, 585, 586, 587, 589, 590, 608, 609, 610, 612, 613, 616, 619, 620, 622, 623, 624, 625, 627, 629, 631, 635, 638, 639, 640, 641, 642, 644, 645, 646, 647, 650, 656, 670, 671, 672, 674, 675, 676, 677, 678, 684, 686, 692, 693, 709, 715, 716, 717, 718, 719, 720, 721, 722, 724, 732, 733, 734, 735, 738, 739, 741, 743, 745, 748, 755, 757, 759, 763, 765, 773, 774, 783, 784, 786, 789, 790, 791, 792, 795, 797, 798, 800, 801, 803, 812, 813, 814, 815, 816, 818, 819, 821, 822, 823, 831, 837, 838, 840, 841, 848, 849, 852, 853, 857, 860, 862, 882, 885, 886, 887, 888, 889, 890, 891, 892, 894, 902, 904, 905, 906, 908, 909, 910, 914, 918, 919, 922, 923, 925, 926, 927, 928, 929, 930, 932, 933, 934, 936, 937, 940, 941, 942, 943, 944, 946, 947, 948, 950], "summary": {"covered_lines": 405, "num_statements": 416, "percent_covered": 96.10169491525424, "percent_covered_display": "96", "missing_lines": 11, "excluded_lines": 10, "num_branches": 174, "num_partial_branches": 12, "covered_branches": 162, "missing_branches": 12}, "missing_lines": [83, 84, 87, 88, 335, 415, 419, 431, 746, 883, 916], "excluded_lines": [132, 144, 156, 167, 178, 191, 197, 863, 937, 963]}, "/mnt/windows/Users/ludwi/Projects/undulate/undulate/renderers/svgrenderer.py": {"executed_lines": [1, 6, 7, 17, 18, 19, 22, 23, 27, 28, 29, 31, 32, 33, 34, 35, 42, 50, 51, 52, 53, 54, 55, 56, 58, 68, 69, 70, 71, 72, 78, 88, 89, 90, 95, 102, 111, 112, 113, 114, 115, 116, 118, 119, 120, 121, 126, 128, 137, 138, 139, 140, 143, 149, 160, 161, 162, 163, 164, 165, 173, 174, 176, 189, 190, 191, 192, 193, 194, 196, 197, 199, 200, 201, 202, 206, 207, 208, 209, 210, 211, 216, 227], "summary": {"covered_lines": 81, "num_statements": 82, "percent_covered": 96.15384615384616, "percent_covered_display": "96", "missing_lines": 1, "excluded_lines": 0, "num_branches": 22, "num_partial_branches": 3, "covered_branches": 19, "missing_branches": 3}, "missing_lines": [117], "excluded_lines": []}, "/mnt/windows/Users/ludwi/Projects/undulate/undulate/renderers/termrenderer.py": {"executed_lines": [1, 6, 7, 8, 9, 10, 13, 14, 22, 23, 24, 26, 32, 33, 34, 35, 36, 37, 39, 40, 41, 42, 44, 45, 147, 154, 155, 156, 157, 158, 160, 175, 176, 177, 178, 179, 181, 183, 185, 186, 187, 188, 189, 190, 191, 192, 193, 194, 195, 197, 198, 199, 200, 201, 204, 205, 206, 209, 210, 213, 215, 216, 217, 218, 223, 225, 245, 246, 247, 248, 249, 250, 251, 252, 254, 256, 257, 258, 259, 261, 274, 275, 276, 277, 279, 280, 281, 282, 283, 284, 285, 286], "summary": {"covered_lines": 90, "num_statements": 90, "percent_covered": 100.0, "percent_covered_display": "100", "missing_lines": 0, "excluded_lines": 0, "num_branches": 34, "num_partial_branches": 0, "covered_branches": 34, "missing_branches": 0}, "missing_lines": [], "excluded_lines": []}, "/mnt/windows/Users/ludwi/Projects/undulate/undulate/skin.py": {"executed_lines": [3, 12, 13, 14, 15, 18, 19, 20, 21, 24, 25, 26, 27, 30, 31, 32, 33, 36, 37, 38, 39, 42, 43, 44, 45, 46, 49, 50, 51, 52, 53, 54, 55, 56, 57, 58, 61, 74, 75, 76, 77, 78, 79, 89, 90, 91, 92, 93, 94, 95, 96, 97, 98, 99, 100, 101, 102, 103, 104, 105, 106, 107, 108, 109, 110, 111, 112, 113, 118, 119, 120, 121, 122, 125, 128, 133, 134, 135, 136, 137, 138, 141, 146, 147, 148, 149, 150, 151, 152, 153, 156, 161, 162, 163, 164, 165, 166, 167, 168, 169, 170, 171, 172, 177, 178, 179, 180, 181, 182, 183, 184, 189, 190, 191, 192, 193, 194, 195, 196, 198, 202, 208, 209, 210, 211, 217, 221, 222, 223, 224, 225, 226, 227, 228, 234, 238, 239, 240, 242, 243, 244, 245, 250, 252, 253, 254, 255, 257, 258, 259, 260, 261, 262, 264, 269, 271, 272, 282, 283, 291, 292, 300, 301, 303, 304, 306, 307, 309, 310, 311, 316, 317, 319, 320, 321, 322, 323, 324, 325, 326, 327, 328, 330, 331, 332, 333, 334, 335, 336, 337, 338, 341, 342, 343, 347, 349, 370, 371, 376, 380, 381, 382, 383, 385, 389, 390, 392, 393, 394, 395, 397, 401, 402, 404, 405, 406, 407, 409, 410, 412, 413, 415, 418, 420, 421, 423, 426, 428, 429, 430, 431, 433, 437, 438, 440, 441, 443, 444, 445, 446, 447, 448, 450, 454, 456, 457, 458, 459, 461, 463, 465, 470, 471, 473, 474, 476, 479, 481, 482, 483, 484, 485, 487, 489, 490, 491, 493, 494, 495, 496, 499, 504, 505, 508, 513, 514, 517, 522, 523, 526, 531, 532, 533, 534, 535, 538, 542, 543, 546, 550, 551, 552, 553, 556, 557, 559, 560, 561, 563, 564, 565, 567, 568, 569, 570, 573, 578, 581, 586, 588, 589, 590, 592, 593, 594, 595, 597, 598, 599, 600, 601, 602, 604, 605, 606, 607, 608, 609, 610, 611, 614, 615, 616, 617, 618, 623, 624, 626, 627, 631, 632, 633, 634, 637, 638, 641, 642, 643], "summary": {"covered_lines": 348, "num_statements": 376, "percent_covered": 90.89430894308943, "percent_covered_display": "91", "missing_lines": 28, "excluded_lines": 2, "num_branches": 239, "num_partial_branches": 26, "covered_branches": 211, "missing_branches": 28}, "missing_lines": [123, 124, 199, 212, 216, 218, 219, 229, 233, 235, 236, 241, 414, 416, 422, 424, 460, 462, 475, 477, 613, 619, 620, 622, 625, 629, 639, 640], "excluded_lines": [372, 373]}}, "totals": {"covered_lines": 2247, "num_statements": 2310, "percent_covered": 95.93893129770993, "percent_covered_display": "96", "missing_lines": 63, "excluded_lines": 18, "num_branches": 965, "num_partial_branches": 64, "covered_branches": 895, "missing_branches": 70}}